Traceback (most recent call last):
  File "<frozen runpy>", line 198, in _run_module_as_main
  File "<frozen runpy>", line 88, in _run_code
  File "C:\GPT\Version_8\echo-bridge\.venv\Scripts\uvicorn.exe\__main__.py", line 7, in <module>
    sys.exit(main())
             ~~~~^^
  File "C:\GPT\Version_8\echo-bridge\.venv\Lib\site-packages\click\core.py", line 1462, in __call__
    return self.main(*args, **kwargs)
           ~~~~~~~~~^^^^^^^^^^^^^^^^^
  File "C:\GPT\Version_8\echo-bridge\.venv\Lib\site-packages\click\core.py", line 1383, in main
    rv = self.invoke(ctx)
  File "C:\GPT\Version_8\echo-bridge\.venv\Lib\site-packages\click\core.py", line 1246, in invoke
    return ctx.invoke(self.callback, **ctx.params)
           ~~~~~~~~~~^^^^^^^^^^^^^^^^^^^^^^^^^^^^^
  File "C:\GPT\Version_8\echo-bridge\.venv\Lib\site-packages\click\core.py", line 814, in invoke
    return callback(*args, **kwargs)
  File "C:\GPT\Version_8\echo-bridge\.venv\Lib\site-packages\uvicorn\main.py", line 410, in main
    run(
    ~~~^
        app,
        ^^^^
    ...<45 lines>...
        h11_max_incomplete_event_size=h11_max_incomplete_event_size,
        ^^^^^^^^^^^^^^^^^^^^^^^^^^^^^^^^^^^^^^^^^^^^^^^^^^^^^^^^^^^^
    )
    ^
  File "C:\GPT\Version_8\echo-bridge\.venv\Lib\site-packages\uvicorn\main.py", line 577, in run
    server.run()
    ~~~~~~~~~~^^
  File "C:\GPT\Version_8\echo-bridge\.venv\Lib\site-packages\uvicorn\server.py", line 65, in run
    return asyncio.run(self.serve(sockets=sockets))
           ~~~~~~~~~~~^^^^^^^^^^^^^^^^^^^^^^^^^^^^^
  File "C:\Users\micha\AppData\Local\Programs\Python\Python313\Lib\asyncio\runners.py", line 195, in run
    return runner.run(main)
           ~~~~~~~~~~^^^^^^
  File "C:\Users\micha\AppData\Local\Programs\Python\Python313\Lib\asyncio\runners.py", line 118, in run
    return self._loop.run_until_complete(task)
           ~~~~~~~~~~~~~~~~~~~~~~~~~~~~~^^^^^^
  File "C:\Users\micha\AppData\Local\Programs\Python\Python313\Lib\asyncio\base_events.py", line 725, in run_until_complete
    return future.result()
           ~~~~~~~~~~~~~^^
  File "C:\GPT\Version_8\echo-bridge\.venv\Lib\site-packages\uvicorn\server.py", line 69, in serve
    await self._serve(sockets)
  File "C:\GPT\Version_8\echo-bridge\.venv\Lib\site-packages\uvicorn\server.py", line 76, in _serve
    config.load()
    ~~~~~~~~~~~^^
  File "C:\GPT\Version_8\echo-bridge\.venv\Lib\site-packages\uvicorn\config.py", line 434, in load
    self.loaded_app = import_from_string(self.app)
                      ~~~~~~~~~~~~~~~~~~^^^^^^^^^^
  File "C:\GPT\Version_8\echo-bridge\.venv\Lib\site-packages\uvicorn\importer.py", line 22, in import_from_string
    raise exc from None
  File "C:\GPT\Version_8\echo-bridge\.venv\Lib\site-packages\uvicorn\importer.py", line 19, in import_from_string
    module = importlib.import_module(module_str)
  File "C:\Users\micha\AppData\Local\Programs\Python\Python313\Lib\importlib\__init__.py", line 88, in import_module
    return _bootstrap._gcd_import(name[level:], package, level)
           ~~~~~~~~~~~~~~~~~~~~~~^^^^^^^^^^^^^^^^^^^^^^^^^^^^^^
  File "<frozen importlib._bootstrap>", line 1387, in _gcd_import
  File "<frozen importlib._bootstrap>", line 1360, in _find_and_load
  File "<frozen importlib._bootstrap>", line 1310, in _find_and_load_unlocked
  File "<frozen importlib._bootstrap>", line 488, in _call_with_frames_removed
  File "<frozen importlib._bootstrap>", line 1387, in _gcd_import
  File "<frozen importlib._bootstrap>", line 1360, in _find_and_load
  File "<frozen importlib._bootstrap>", line 1324, in _find_and_load_unlocked
ModuleNotFoundError: No module named 'echo_bridge'
